Flutter crash report; please file at https://github.com/flutter/flutter/issues.

## command

flutter --quiet assemble --depfile C:\Users\Asus\Desktop\privacy-flutter-responsive-app-1\build\app\intermediates\flutter\debug/flutter_build.d --output C:\Users\Asus\Desktop\privacy-flutter-responsive-app-1\build\app\intermediates\flutter\debug -dTargetFile=C:\Users\Asus\Desktop\privacy-flutter-responsive-app-1\lib\main.dart -dTargetPlatform=android -dBuildMode=debug --DartDefines=flutter.inspector.structuredErrors=true --ExtraGenSnapshotOptions=--obfuscate debug_android_application

## exception

FileSystemException: FileSystemException: Exists failed, path = 'C:\Users\Asus\Desktop\privacy-flutter-responsive-app-1\.dart_tool\flutter_build\7c0625af87612c6884b031e50c3b2f9a' (OS Error: Access is denied.
, errno = 5)

```
#0      _Directory.existsSync (dart:io/directory_impl.dart:101:7)
#1      _Directory.createSync (dart:io/directory_impl.dart:133:11)
#2      ForwardingDirectory.createSync (package:file/src/forwarding/forwarding_directory.dart:22:16)
#3      BuildSystem.build (package:flutter_tools/src/build_system/build_system.dart:474:26)
#4      AssembleCommand.runCommand (package:flutter_tools/src/commands/assemble.dart:189:58)
#5      FlutterCommand.verifyThenRunCommand (package:flutter_tools/src/runner/flutter_command.dart:723:18)
<asynchronous suspension>
#6      FlutterCommand.run.<anonymous closure> (package:flutter_tools/src/runner/flutter_command.dart:620:33)
<asynchronous suspension>
#7      FlutterCommand.run.<anonymous closure> (package:flutter_tools/src/runner/flutter_command.dart)
#8      AppContext.run.<anonymous closure> (package:flutter_tools/src/base/context.dart:150:29)
#9      _rootRun (dart:async/zone.dart:1184:13)
#10     _CustomZone.run (dart:async/zone.dart:1077:19)
#11     _runZoned (dart:async/zone.dart:1619:10)
#12     runZoned (dart:async/zone.dart:1539:10)
#13     AppContext.run (package:flutter_tools/src/base/context.dart:149:18)
#14     FlutterCommand.run (package:flutter_tools/src/runner/flutter_command.dart:610:20)
#15     CommandRunner.runCommand (package:args/command_runner.dart:197:27)
#16     FlutterCommandRunner.runCommand.<anonymous closure> (package:flutter_tools/src/runner/flutter_command_runner.dart:339:21)
<asynchronous suspension>
#17     FlutterCommandRunner.runCommand.<anonymous closure> (package:flutter_tools/src/runner/flutter_command_runner.dart)
#18     AppContext.run.<anonymous closure> (package:flutter_tools/src/base/context.dart:150:29)
#19     _rootRun (dart:async/zone.dart:1184:13)
#20     _CustomZone.run (dart:async/zone.dart:1077:19)
#21     _runZoned (dart:async/zone.dart:1619:10)
#22     runZoned (dart:async/zone.dart:1539:10)
#23     AppContext.run (package:flutter_tools/src/base/context.dart:149:18)
#24     FlutterCommandRunner.runCommand (package:flutter_tools/src/runner/flutter_command_runner.dart:288:19)
#25     CommandRunner.run.<anonymous closure> (package:args/command_runner.dart:112:25)
#26     new Future.sync (dart:async/future.dart:224:31)
#27     CommandRunner.run (package:args/command_runner.dart:112:14)
#28     FlutterCommandRunner.run (package:flutter_tools/src/runner/flutter_command_runner.dart:231:18)
#29     run.<anonymous closure>.<anonymous closure> (package:flutter_tools/runner.dart:63:22)
#30     _rootRun (dart:async/zone.dart:1184:13)
#31     _CustomZone.run (dart:async/zone.dart:1077:19)
#32     _runZoned (dart:async/zone.dart:1619:10)
#33     runZonedGuarded (dart:async/zone.dart:1608:12)
#34     runZoned (dart:async/zone.dart:1536:12)
#35     run.<anonymous closure> (package:flutter_tools/runner.dart:61:18)
<asynchronous suspension>
#36     run.<anonymous closure> (package:flutter_tools/runner.dart)
#37     runInContext.runnerWrapper (package:flutter_tools/src/context_runner.dart:64:18)
<asynchronous suspension>
#38     runInContext.runnerWrapper (package:flutter_tools/src/context_runner.dart)
#39     AppContext.run.<anonymous closure> (package:flutter_tools/src/base/context.dart:150:29)
#40     _rootRun (dart:async/zone.dart:1184:13)
#41     _CustomZone.run (dart:async/zone.dart:1077:19)
#42     _runZoned (dart:async/zone.dart:1619:10)
#43     runZoned (dart:async/zone.dart:1539:10)
#44     AppContext.run (package:flutter_tools/src/base/context.dart:149:18)
#45     runInContext (package:flutter_tools/src/context_runner.dart:67:24)
#46     run (package:flutter_tools/runner.dart:48:10)
#47     main (package:flutter_tools/executable.dart:69:9)
#48     main (file:///C:/b/s/w/ir/k/archive/flutter/packages/flutter_tools/bin/flutter_tools.dart:8:3)
#49     _startIsolate.<anonymous closure> (dart:isolate-patch/isolate_patch.dart:299:32)
#50     _RawReceivePortImpl._handleMessage (dart:isolate-patch/isolate_patch.dart:168:12)
```

## flutter doctor

```
[✓] Flutter (Channel stable, v1.17.4, on Microsoft Windows [Version 10.0.18362.900], locale en-SG)
    • Flutter version 1.17.4 at C:\flutter
    • Framework revision 1ad9baa8b9 (2 weeks ago), 2020-06-17 14:41:16 -0700
    • Engine revision ee76268252
    • Dart version 2.8.4

[✓] Android toolchain - develop for Android devices (Android SDK version 29.0.3)
    • Android SDK at C:\Users\Asus\AppData\Local\Android\sdk
    • Platform android-29, build-tools 29.0.3
    • Java binary at: C:\Program Files\Android\Android Studio1\jre\bin\java
    • Java version OpenJDK Runtime Environment (build 1.8.0_242-release-1644-b01)
    • All Android licenses accepted.

[✓] Android Studio (version 4.0)
    • Android Studio at C:\Program Files\Android\Android Studio1
    • Flutter plugin version 45.0.1
    • Dart plugin version 192.7761
    • Java version OpenJDK Runtime Environment (build 1.8.0_242-release-1644-b01)

[✓] VS Code (version 1.46.1)
    • VS Code at C:\Users\Asus\AppData\Local\Programs\Microsoft VS Code
    • Flutter extension version 3.12.1

[✓] Connected device (1 available)
    • Android SDK built for x86 • emulator-5554 • android-x86 • Android 10 (API 29) (emulator)

• No issues found!
```
